Started GET "/" for ::1 at 2021-04-01 00:34:22 -0400
  [1m[35m (0.8ms)[0m  [1m[34mSELECT sqlite_version(*)[0m
  [1m[35m (77.4ms)[0m  [1m[35mCREATE TABLE "schema_migrations" ("version" varchar NOT NULL PRIMARY KEY)[0m
  [1m[35m (370.5ms)[0m  [1m[35mCREATE TABLE "ar_internal_metadata" ("key" varchar NOT NULL PRIMARY KEY, "value" varchar, "created_at" datetime(6) NOT NULL, "updated_at" datetime(6) NOT NULL)[0m
  [1m[35m (0.1ms)[0m  [1m[34mSELECT "schema_migrations"."version" FROM "schema_migrations" ORDER BY "schema_migrations"."version" ASC[0m
  
ActiveRecord::PendingMigrationError (

Migrations are pending. To resolve this issue, run:

        bin/rails db:migrate RAILS_ENV=development

You have 1 pending migration:

20210331032422_create_articles.rb


):
  
activerecord (6.1.3.1) lib/active_record/migration.rb:625:in `check_pending!'
activerecord (6.1.3.1) lib/active_record/migration.rb:590:in `block (2 levels) in call'
activesupport (6.1.3.1) lib/active_support/evented_file_update_checker.rb:59:in `execute'
activerecord (6.1.3.1) lib/active_record/migration.rb:595:in `block in call'
activerecord (6.1.3.1) lib/active_record/migration.rb:587:in `synchronize'
activerecord (6.1.3.1) lib/active_record/migration.rb:587:in `call'
actionpack (6.1.3.1) lib/action_dispatch/middleware/callbacks.rb:27:in `block in call'
activesupport (6.1.3.1) lib/active_support/callbacks.rb:98:in `run_callbacks'
actionpack (6.1.3.1) lib/action_dispatch/middleware/callbacks.rb:26:in `call'
actionpack (6.1.3.1) lib/action_dispatch/middleware/executor.rb:14:in `call'
actionpack (6.1.3.1) lib/action_dispatch/middleware/actionable_exceptions.rb:18:in `call'
actionpack (6.1.3.1) lib/action_dispatch/middleware/debug_exceptions.rb:29:in `call'
web-console (4.1.0) lib/web_console/middleware.rb:132:in `call_app'
web-console (4.1.0) lib/web_console/middleware.rb:28:in `block in call'
web-console (4.1.0) lib/web_console/middleware.rb:17:in `catch'
web-console (4.1.0) lib/web_console/middleware.rb:17:in `call'
actionpack (6.1.3.1) lib/action_dispatch/middleware/show_exceptions.rb:33:in `call'
railties (6.1.3.1) lib/rails/rack/logger.rb:37:in `call_app'
railties (6.1.3.1) lib/rails/rack/logger.rb:26:in `block in call'
activesupport (6.1.3.1) lib/active_support/tagged_logging.rb:99:in `block in tagged'
activesupport (6.1.3.1) lib/active_support/tagged_logging.rb:37:in `tagged'
activesupport (6.1.3.1) lib/active_support/tagged_logging.rb:99:in `tagged'
railties (6.1.3.1) lib/rails/rack/logger.rb:26:in `call'
sprockets-rails (3.2.2) lib/sprockets/rails/quiet_assets.rb:13:in `call'
actionpack (6.1.3.1) lib/action_dispatch/middleware/remote_ip.rb:81:in `call'
actionpack (6.1.3.1) lib/action_dispatch/middleware/request_id.rb:26:in `call'
rack (2.2.3) lib/rack/method_override.rb:24:in `call'
rack (2.2.3) lib/rack/runtime.rb:22:in `call'
activesupport (6.1.3.1) lib/active_support/cache/strategy/local_cache_middleware.rb:29:in `call'
actionpack (6.1.3.1) lib/action_dispatch/middleware/executor.rb:14:in `call'
actionpack (6.1.3.1) lib/action_dispatch/middleware/static.rb:24:in `call'
rack (2.2.3) lib/rack/sendfile.rb:110:in `call'
actionpack (6.1.3.1) lib/action_dispatch/middleware/host_authorization.rb:98:in `call'
rack-mini-profiler (2.3.1) lib/mini_profiler/profiler.rb:373:in `call'
webpacker (5.2.1) lib/webpacker/dev_server_proxy.rb:25:in `perform_request'
rack-proxy (0.6.5) lib/rack/proxy.rb:57:in `call'
railties (6.1.3.1) lib/rails/engine.rb:539:in `call'
puma (5.2.2) lib/puma/configuration.rb:248:in `call'
puma (5.2.2) lib/puma/request.rb:76:in `block in handle_request'
puma (5.2.2) lib/puma/thread_pool.rb:337:in `with_force_shutdown'
puma (5.2.2) lib/puma/request.rb:75:in `handle_request'
puma (5.2.2) lib/puma/server.rb:431:in `process_client'
puma (5.2.2) lib/puma/thread_pool.rb:145:in `block in spawn_thread'
Started POST "/rails/actions" for ::1 at 2021-04-01 00:34:28 -0400
  [1m[35m (0.0ms)[0m  [1m[34mSELECT "schema_migrations"."version" FROM "schema_migrations" ORDER BY "schema_migrations"."version" ASC[0m
Migrating to CreateArticles (20210331032422)
  [1m[36mTRANSACTION (0.0ms)[0m  [1m[36mbegin transaction[0m
  [1m[35m (0.2ms)[0m  [1m[35mCREATE TABLE "articles" ("id" integer PRIMARY KEY AUTOINCREMENT NOT NULL, "title" varchar, "body" text, "created_at" datetime(6) NOT NULL, "updated_at" datetime(6) NOT NULL)[0m
  [1m[36mActiveRecord::SchemaMigration Create (0.2ms)[0m  [1m[32mINSERT INTO "schema_migrations" ("version") VALUES (?)[0m  [["version", "20210331032422"]]
  [1m[36mTRANSACTION (295.2ms)[0m  [1m[36mcommit transaction[0m
  [1m[36mActiveRecord::InternalMetadata Load (0.1ms)[0m  [1m[34mSELECT "ar_internal_metadata".* FROM "ar_internal_metadata" WHERE "ar_internal_metadata"."key" = ? LIMIT ?[0m  [["key", "environment"], ["LIMIT", 1]]
  [1m[36mTRANSACTION (0.0ms)[0m  [1m[36mbegin transaction[0m
  [1m[36mActiveRecord::InternalMetadata Create (0.3ms)[0m  [1m[32mINSERT INTO "ar_internal_metadata" ("key", "value", "created_at", "updated_at") VALUES (?, ?, ?, ?)[0m  [["key", "environment"], ["value", "development"], ["created_at", "2021-04-01 04:34:28.986646"], ["updated_at", "2021-04-01 04:34:28.986646"]]
  [1m[36mTRANSACTION (233.2ms)[0m  [1m[36mcommit transaction[0m
  [1m[35m (0.1ms)[0m  [1m[34mSELECT "schema_migrations"."version" FROM "schema_migrations" ORDER BY "schema_migrations"."version" ASC[0m
Started GET "/" for ::1 at 2021-04-01 00:34:29 -0400
  [1m[35m (0.1ms)[0m  [1m[34mSELECT "schema_migrations"."version" FROM "schema_migrations" ORDER BY "schema_migrations"."version" ASC[0m
Processing by ArticlesController#index as HTML
  Rendering layout layouts/application.html.erb
  Rendering articles/index.html.erb within layouts/application
  [1m[36mArticle Load (0.1ms)[0m  [1m[34mSELECT "articles".* FROM "articles"[0m
  ↳ app/views/articles/index.html.erb:4
  Rendered articles/index.html.erb within layouts/application (Duration: 1.6ms | Allocations: 884)
[Webpacker] Compiling...
[Webpacker] Compilation failed:
yarn run v1.22.10
info Visit https://yarnpkg.com/en/docs/cli/run for documentation about this command.


error Command "webpack" not found.

  Rendered layout layouts/application.html.erb (Duration: 639.7ms | Allocations: 18682)
Completed 500 Internal Server Error in 649ms (ActiveRecord: 0.1ms | Allocations: 21448)


  
ActionView::Template::Error (Webpacker can't find application.js in /home/guminaj/develop/ruby/blog/public/packs/manifest.json. Possible causes:
1. You want to set webpacker.yml value of compile to true for your environment
   unless you are using the `webpack -w` or the webpack-dev-server.
2. webpack has not yet re-run to reflect updates.
3. You have misconfigured Webpacker's config/webpacker.yml file.
4. Your webpack configuration is not creating a manifest.
Your manifest contains:
{
}
):
     7:     <%= csp_meta_tag %>
     8: 
     9:     <%= stylesheet_link_tag 'application', media: 'all', 'data-turbolinks-track': 'reload' %>
    10:     <%= javascript_pack_tag 'application', 'data-turbolinks-track': 'reload' %>
    11:   </head>
    12: 
    13:   <body>
  
app/views/layouts/application.html.erb:10
Started GET "/" for ::1 at 2021-04-01 00:47:00 -0400
  [1m[35m (0.3ms)[0m  [1m[34mSELECT sqlite_version(*)[0m
  [1m[35m (0.1ms)[0m  [1m[34mSELECT "schema_migrations"."version" FROM "schema_migrations" ORDER BY "schema_migrations"."version" ASC[0m
Processing by ArticlesController#index as HTML
  Rendering layout layouts/application.html.erb
  Rendering articles/index.html.erb within layouts/application
  [1m[36mArticle Load (0.1ms)[0m  [1m[34mSELECT "articles".* FROM "articles"[0m
  ↳ app/views/articles/index.html.erb:4
  Rendered articles/index.html.erb within layouts/application (Duration: 1.8ms | Allocations: 1016)
[Webpacker] Compiling...
[Webpacker] Compilation failed:
yarn run v1.22.10
info Visit https://yarnpkg.com/en/docs/cli/run for documentation about this command.


error Command "webpack" not found.

  Rendered layout layouts/application.html.erb (Duration: 584.7ms | Allocations: 8570)
Completed 500 Internal Server Error in 599ms (ActiveRecord: 0.1ms | Allocations: 11470)


  
ActionView::Template::Error (Webpacker can't find application.js in /home/guminaj/develop/ruby/blog/public/packs/manifest.json. Possible causes:
1. You want to set webpacker.yml value of compile to true for your environment
   unless you are using the `webpack -w` or the webpack-dev-server.
2. webpack has not yet re-run to reflect updates.
3. You have misconfigured Webpacker's config/webpacker.yml file.
4. Your webpack configuration is not creating a manifest.
Your manifest contains:
{
}
):
     7:     <%= csp_meta_tag %>
     8: 
     9:     <%= stylesheet_link_tag 'application', media: 'all', 'data-turbolinks-track': 'reload' %>
    10:     <%= javascript_pack_tag 'application', 'data-turbolinks-track': 'reload' %>
    11:   </head>
    12: 
    13:   <body>
  
app/views/layouts/application.html.erb:10
Started GET "/" for ::1 at 2021-04-01 00:47:39 -0400
  [1m[35m (0.2ms)[0m  [1m[34mSELECT sqlite_version(*)[0m
  [1m[35m (0.1ms)[0m  [1m[34mSELECT "schema_migrations"."version" FROM "schema_migrations" ORDER BY "schema_migrations"."version" ASC[0m
Processing by ArticlesController#index as HTML
  Rendering layout layouts/application.html.erb
  Rendering articles/index.html.erb within layouts/application
  [1m[36mArticle Load (0.1ms)[0m  [1m[34mSELECT "articles".* FROM "articles"[0m
  ↳ app/views/articles/index.html.erb:4
  Rendered articles/index.html.erb within layouts/application (Duration: 2.1ms | Allocations: 1016)
[Webpacker] Compiling...
[Webpacker] Compilation failed:
yarn run v1.22.10
info Visit https://yarnpkg.com/en/docs/cli/run for documentation about this command.


error Command "webpack" not found.

  Rendered layout layouts/application.html.erb (Duration: 580.4ms | Allocations: 8571)
Completed 500 Internal Server Error in 597ms (ActiveRecord: 0.1ms | Allocations: 11471)


  
ActionView::Template::Error (Webpacker can't find application.js in /home/guminaj/develop/ruby/blog/public/packs/manifest.json. Possible causes:
1. You want to set webpacker.yml value of compile to true for your environment
   unless you are using the `webpack -w` or the webpack-dev-server.
2. webpack has not yet re-run to reflect updates.
3. You have misconfigured Webpacker's config/webpacker.yml file.
4. Your webpack configuration is not creating a manifest.
Your manifest contains:
{
}
):
     7:     <%= csp_meta_tag %>
     8: 
     9:     <%= stylesheet_link_tag 'application', media: 'all', 'data-turbolinks-track': 'reload' %>
    10:     <%= javascript_pack_tag 'application', 'data-turbolinks-track': 'reload' %>
    11:   </head>
    12: 
    13:   <body>
  
app/views/layouts/application.html.erb:10
Started GET "/" for ::1 at 2021-04-01 00:48:43 -0400
  [1m[35m (0.3ms)[0m  [1m[34mSELECT sqlite_version(*)[0m
  [1m[35m (0.1ms)[0m  [1m[34mSELECT "schema_migrations"."version" FROM "schema_migrations" ORDER BY "schema_migrations"."version" ASC[0m
Processing by ArticlesController#index as HTML
  Rendering layout layouts/application.html.erb
  Rendering articles/index.html.erb within layouts/application
  [1m[36mArticle Load (0.1ms)[0m  [1m[34mSELECT "articles".* FROM "articles"[0m
  ↳ app/views/articles/index.html.erb:4
  Rendered articles/index.html.erb within layouts/application (Duration: 1.9ms | Allocations: 1016)
[Webpacker] Compiling...
[Webpacker] Compiled all packs in /home/guminaj/develop/ruby/blog/public/packs
[Webpacker] Hash: e332c6419728fac579d5
Version: webpack 4.46.0
Time: 2130ms
Built at: 04/01/2021 12:48:47 AM
                                     Asset       Size       Chunks                         Chunk Names
    js/application-f826770d917d8a37c1d8.js    125 KiB  application  [emitted] [immutable]  application
js/application-f826770d917d8a37c1d8.js.map    139 KiB  application  [emitted] [dev]        application
                             manifest.json  364 bytes               [emitted]              
Entrypoint application = js/application-f826770d917d8a37c1d8.js js/application-f826770d917d8a37c1d8.js.map
[./app/javascript/channels sync recursive _channel\.js$] ./app/javascript/channels sync _channel\.js$ 160 bytes {application} [built]
[./app/javascript/channels/index.js] 211 bytes {application} [built]
[./app/javascript/packs/application.js] 492 bytes {application} [built]
[./node_modules/webpack/buildin/module.js] (webpack)/buildin/module.js 552 bytes {application} [built]
    + 3 hidden modules

  Rendered layout layouts/application.html.erb (Duration: 3823.9ms | Allocations: 7689)
Completed 200 OK in 3842ms (Views: 3825.9ms | ActiveRecord: 0.1ms | Allocations: 10626)


Started GET "/articles/new" for ::1 at 2021-04-01 00:48:56 -0400
Processing by ArticlesController#new as HTML
  Rendering layout layouts/application.html.erb
  Rendering articles/new.html.erb within layouts/application
  Rendered articles/new.html.erb within layouts/application (Duration: 19.0ms | Allocations: 5353)
[Webpacker] Everything's up-to-date. Nothing to do
  Rendered layout layouts/application.html.erb (Duration: 22.1ms | Allocations: 8738)
Completed 200 OK in 35ms (Views: 22.6ms | ActiveRecord: 0.4ms | Allocations: 12167)


Started POST "/articles" for ::1 at 2021-04-01 00:49:55 -0400
Processing by ArticlesController#create as HTML
  Parameters: {"authenticity_token"=>"[FILTERED]", "article"=>{"title"=>"est", "body"=>"tesats"}, "commit"=>"Create Article"}
  Rendering layout layouts/application.html.erb
  Rendering articles/new.html.erb within layouts/application
  Rendered articles/new.html.erb within layouts/application (Duration: 1.8ms | Allocations: 1698)
[Webpacker] Everything's up-to-date. Nothing to do
  Rendered layout layouts/application.html.erb (Duration: 4.5ms | Allocations: 5091)
Completed 200 OK in 6ms (Views: 4.9ms | ActiveRecord: 0.0ms | Allocations: 6232)


Started POST "/articles" for ::1 at 2021-04-01 00:49:57 -0400
Processing by ArticlesController#create as HTML
  Parameters: {"authenticity_token"=>"[FILTERED]", "article"=>{"title"=>"est", "body"=>"tesatsasdfas"}, "commit"=>"Create Article"}
  [1m[36mTRANSACTION (0.0ms)[0m  [1m[36mbegin transaction[0m
  ↳ app/controllers/articles_controller.rb:17:in `create'
  [1m[36mArticle Create (0.3ms)[0m  [1m[32mINSERT INTO "articles" ("title", "body", "created_at", "updated_at") VALUES (?, ?, ?, ?)[0m  [["title", "est"], ["body", "tesatsasdfas"], ["created_at", "2021-04-01 04:49:57.355112"], ["updated_at", "2021-04-01 04:49:57.355112"]]
  ↳ app/controllers/articles_controller.rb:17:in `create'
  [1m[36mTRANSACTION (266.9ms)[0m  [1m[36mcommit transaction[0m
  ↳ app/controllers/articles_controller.rb:17:in `create'
Redirected to http://localhost:3000/articles/1
Completed 302 Found in 272ms (ActiveRecord: 267.2ms | Allocations: 5021)


Started GET "/articles/1" for ::1 at 2021-04-01 00:49:57 -0400
Processing by ArticlesController#show as HTML
  Parameters: {"id"=>"1"}
  [1m[36mArticle Load (0.1ms)[0m  [1m[34mSELECT "articles".* FROM "articles" WHERE "articles"."id" = ? LIMIT ?[0m  [["id", 1], ["LIMIT", 1]]
  ↳ app/controllers/articles_controller.rb:7:in `show'
  Rendering layout layouts/application.html.erb
  Rendering articles/show.html.erb within layouts/application
  Rendered articles/show.html.erb within layouts/application (Duration: 0.3ms | Allocations: 144)
[Webpacker] Everything's up-to-date. Nothing to do
  Rendered layout layouts/application.html.erb (Duration: 3.3ms | Allocations: 3570)
Completed 200 OK in 13ms (Views: 3.7ms | ActiveRecord: 0.1ms | Allocations: 8054)


Started GET "/articles" for ::1 at 2021-04-01 00:50:06 -0400
Processing by ArticlesController#index as HTML
  Rendering layout layouts/application.html.erb
  Rendering articles/index.html.erb within layouts/application
  [1m[36mArticle Load (0.1ms)[0m  [1m[34mSELECT "articles".* FROM "articles"[0m
  ↳ app/views/articles/index.html.erb:4
  Rendered articles/index.html.erb within layouts/application (Duration: 1.3ms | Allocations: 733)
[Webpacker] Everything's up-to-date. Nothing to do
  Rendered layout layouts/application.html.erb (Duration: 4.8ms | Allocations: 4205)
Completed 200 OK in 6ms (Views: 5.2ms | ActiveRecord: 0.1ms | Allocations: 4593)


Started GET "/articles/new" for ::1 at 2021-04-01 00:50:10 -0400
Processing by ArticlesController#new as HTML
  Rendering layout layouts/application.html.erb
  Rendering articles/new.html.erb within layouts/application
  Rendered articles/new.html.erb within layouts/application (Duration: 1.2ms | Allocations: 685)
[Webpacker] Everything's up-to-date. Nothing to do
  Rendered layout layouts/application.html.erb (Duration: 4.1ms | Allocations: 4158)
Completed 200 OK in 6ms (Views: 5.5ms | ActiveRecord: 0.0ms | Allocations: 4559)


Started POST "/articles" for ::1 at 2021-04-01 00:50:14 -0400
Processing by ArticlesController#create as HTML
  Parameters: {"authenticity_token"=>"[FILTERED]", "article"=>{"title"=>"asw34", "body"=>"43tagsadgasgasga"}, "commit"=>"Create Article"}
  [1m[36mTRANSACTION (0.0ms)[0m  [1m[36mbegin transaction[0m
  ↳ app/controllers/articles_controller.rb:17:in `create'
  [1m[36mArticle Create (0.2ms)[0m  [1m[32mINSERT INTO "articles" ("title", "body", "created_at", "updated_at") VALUES (?, ?, ?, ?)[0m  [["title", "asw34"], ["body", "43tagsadgasgasga"], ["created_at", "2021-04-01 04:50:14.647812"], ["updated_at", "2021-04-01 04:50:14.647812"]]
  ↳ app/controllers/articles_controller.rb:17:in `create'
  [1m[36mTRANSACTION (430.4ms)[0m  [1m[36mcommit transaction[0m
  ↳ app/controllers/articles_controller.rb:17:in `create'
Redirected to http://localhost:3000/articles/2
Completed 302 Found in 435ms (ActiveRecord: 430.6ms | Allocations: 4892)


Started GET "/articles/2" for ::1 at 2021-04-01 00:50:15 -0400
Processing by ArticlesController#show as HTML
  Parameters: {"id"=>"2"}
  [1m[36mArticle Load (0.1ms)[0m  [1m[34mSELECT "articles".* FROM "articles" WHERE "articles"."id" = ? LIMIT ?[0m  [["id", 2], ["LIMIT", 1]]
  ↳ app/controllers/articles_controller.rb:7:in `show'
  Rendering layout layouts/application.html.erb
  Rendering articles/show.html.erb within layouts/application
  Rendered articles/show.html.erb within layouts/application (Duration: 0.1ms | Allocations: 41)
[Webpacker] Everything's up-to-date. Nothing to do
  Rendered layout layouts/application.html.erb (Duration: 3.1ms | Allocations: 3516)
Completed 200 OK in 6ms (Views: 3.8ms | ActiveRecord: 0.1ms | Allocations: 4430)


Started GET "/articles/new" for ::1 at 2021-04-01 00:50:18 -0400
Processing by ArticlesController#new as HTML
  Rendering layout layouts/application.html.erb
  Rendering articles/new.html.erb within layouts/application
  Rendered articles/new.html.erb within layouts/application (Duration: 0.9ms | Allocations: 682)
[Webpacker] Everything's up-to-date. Nothing to do
  Rendered layout layouts/application.html.erb (Duration: 3.6ms | Allocations: 4155)
Completed 200 OK in 4ms (Views: 3.9ms | ActiveRecord: 0.0ms | Allocations: 4553)


Started GET "/articles" for ::1 at 2021-04-01 00:50:19 -0400
Processing by ArticlesController#index as HTML
  Rendering layout layouts/application.html.erb
  Rendering articles/index.html.erb within layouts/application
  [1m[36mArticle Load (0.1ms)[0m  [1m[34mSELECT "articles".* FROM "articles"[0m
  ↳ app/views/articles/index.html.erb:4
  Rendered articles/index.html.erb within layouts/application (Duration: 1.3ms | Allocations: 763)
[Webpacker] Everything's up-to-date. Nothing to do
  Rendered layout layouts/application.html.erb (Duration: 7.4ms | Allocations: 4235)
Completed 200 OK in 8ms (Views: 7.7ms | ActiveRecord: 0.1ms | Allocations: 4625)


Started GET "/articles" for ::1 at 2021-04-01 01:11:47 -0400
  [1m[35m (0.3ms)[0m  [1m[34mSELECT sqlite_version(*)[0m
  [1m[35m (0.1ms)[0m  [1m[34mSELECT "schema_migrations"."version" FROM "schema_migrations" ORDER BY "schema_migrations"."version" ASC[0m
Processing by ArticlesController#index as HTML
  Rendering layout layouts/application.html.erb
  Rendering articles/index.html.erb within layouts/application
  [1m[36mArticle Load (0.1ms)[0m  [1m[34mSELECT "articles".* FROM "articles"[0m
  ↳ app/views/articles/index.html.erb:4
  Rendered articles/index.html.erb within layouts/application (Duration: 6.0ms | Allocations: 4061)
[Webpacker] Everything's up-to-date. Nothing to do
  Rendered layout layouts/application.html.erb (Duration: 12.6ms | Allocations: 9584)
Completed 200 OK in 26ms (Views: 13.7ms | ActiveRecord: 0.4ms | Allocations: 12574)


Started GET "/articles/2" for ::1 at 2021-04-01 01:11:51 -0400
Processing by ArticlesController#show as HTML
  Parameters: {"id"=>"2"}
  [1m[36mArticle Load (0.1ms)[0m  [1m[34mSELECT "articles".* FROM "articles" WHERE "articles"."id" = ? LIMIT ?[0m  [["id", 2], ["LIMIT", 1]]
  ↳ app/controllers/articles_controller.rb:7:in `show'
  Rendering layout layouts/application.html.erb
  Rendering articles/show.html.erb within layouts/application
  Rendered articles/show.html.erb within layouts/application (Duration: 0.4ms | Allocations: 196)
[Webpacker] Everything's up-to-date. Nothing to do
  Rendered layout layouts/application.html.erb (Duration: 13.4ms | Allocations: 3673)
Completed 200 OK in 21ms (Views: 13.8ms | ActiveRecord: 0.1ms | Allocations: 5730)


Started GET "/articles/2/edit" for ::1 at 2021-04-01 01:11:53 -0400
Processing by ArticlesController#edit as HTML
  Parameters: {"id"=>"2"}
  [1m[36mArticle Load (0.1ms)[0m  [1m[34mSELECT "articles".* FROM "articles" WHERE "articles"."id" = ? LIMIT ?[0m  [["id", 2], ["LIMIT", 1]]
  ↳ app/controllers/articles_controller.rb:26:in `edit'
Completed 406 Not Acceptable in 13ms (ActiveRecord: 0.1ms | Allocations: 2986)


  
ActionController::MissingExactTemplate (ArticlesController#edit is missing a template for request formats: text/html):
  
actionpack (6.1.3.1) lib/action_controller/metal/implicit_render.rb:45:in `default_render'
actionpack (6.1.3.1) lib/action_controller/metal/basic_implicit_render.rb:6:in `block in send_action'
actionpack (6.1.3.1) lib/action_controller/metal/basic_implicit_render.rb:6:in `tap'
actionpack (6.1.3.1) lib/action_controller/metal/basic_implicit_render.rb:6:in `send_action'
actionpack (6.1.3.1) lib/abstract_controller/base.rb:228:in `process_action'
actionpack (6.1.3.1) lib/action_controller/metal/rendering.rb:30:in `process_action'
actionpack (6.1.3.1) lib/abstract_controller/callbacks.rb:42:in `block in process_action'
activesupport (6.1.3.1) lib/active_support/callbacks.rb:117:in `block in run_callbacks'
actiontext (6.1.3.1) lib/action_text/rendering.rb:20:in `with_renderer'
actiontext (6.1.3.1) lib/action_text/engine.rb:55:in `block (4 levels) in <class:Engine>'
activesupport (6.1.3.1) lib/active_support/callbacks.rb:126:in `instance_exec'
activesupport (6.1.3.1) lib/active_support/callbacks.rb:126:in `block in run_callbacks'
activesupport (6.1.3.1) lib/active_support/callbacks.rb:137:in `run_callbacks'
actionpack (6.1.3.1) lib/abstract_controller/callbacks.rb:41:in `process_action'
actionpack (6.1.3.1) lib/action_controller/metal/rescue.rb:22:in `process_action'
actionpack (6.1.3.1) lib/action_controller/metal/instrumentation.rb:34:in `block in process_action'
activesupport (6.1.3.1) lib/active_support/notifications.rb:203:in `block in instrument'
activesupport (6.1.3.1) lib/active_support/notifications/instrumenter.rb:24:in `instrument'
activesupport (6.1.3.1) lib/active_support/notifications.rb:203:in `instrument'
actionpack (6.1.3.1) lib/action_controller/metal/instrumentation.rb:33:in `process_action'
actionpack (6.1.3.1) lib/action_controller/metal/params_wrapper.rb:249:in `process_action'
activerecord (6.1.3.1) lib/active_record/railties/controller_runtime.rb:27:in `process_action'
actionpack (6.1.3.1) lib/abstract_controller/base.rb:165:in `process'
actionview (6.1.3.1) lib/action_view/rendering.rb:39:in `process'
actionpack (6.1.3.1) lib/action_controller/metal.rb:190:in `dispatch'
actionpack (6.1.3.1) lib/action_controller/metal.rb:254:in `dispatch'
actionpack (6.1.3.1) lib/action_dispatch/routing/route_set.rb:50:in `dispatch'
actionpack (6.1.3.1) lib/action_dispatch/routing/route_set.rb:33:in `serve'
actionpack (6.1.3.1) lib/action_dispatch/journey/router.rb:50:in `block in serve'
actionpack (6.1.3.1) lib/action_dispatch/journey/router.rb:32:in `each'
actionpack (6.1.3.1) lib/action_dispatch/journey/router.rb:32:in `serve'
actionpack (6.1.3.1) lib/action_dispatch/routing/route_set.rb:842:in `call'
rack (2.2.3) lib/rack/tempfile_reaper.rb:15:in `call'
rack (2.2.3) lib/rack/etag.rb:27:in `call'
rack (2.2.3) lib/rack/conditional_get.rb:27:in `call'
rack (2.2.3) lib/rack/head.rb:12:in `call'
actionpack (6.1.3.1) lib/action_dispatch/http/permissions_policy.rb:22:in `call'
actionpack (6.1.3.1) lib/action_dispatch/http/content_security_policy.rb:18:in `call'
rack (2.2.3) lib/rack/session/abstract/id.rb:266:in `context'
rack (2.2.3) lib/rack/session/abstract/id.rb:260:in `call'
actionpack (6.1.3.1) lib/action_dispatch/middleware/cookies.rb:689:in `call'
activerecord (6.1.3.1) lib/active_record/migration.rb:601:in `call'
actionpack (6.1.3.1) lib/action_dispatch/middleware/callbacks.rb:27:in `block in call'
activesupport (6.1.3.1) lib/active_support/callbacks.rb:98:in `run_callbacks'
actionpack (6.1.3.1) lib/action_dispatch/middleware/callbacks.rb:26:in `call'
actionpack (6.1.3.1) lib/action_dispatch/middleware/executor.rb:14:in `call'
actionpack (6.1.3.1) lib/action_dispatch/middleware/actionable_exceptions.rb:18:in `call'
actionpack (6.1.3.1) lib/action_dispatch/middleware/debug_exceptions.rb:29:in `call'
web-console (4.1.0) lib/web_console/middleware.rb:132:in `call_app'
web-console (4.1.0) lib/web_console/middleware.rb:28:in `block in call'
web-console (4.1.0) lib/web_console/middleware.rb:17:in `catch'
web-console (4.1.0) lib/web_console/middleware.rb:17:in `call'
actionpack (6.1.3.1) lib/action_dispatch/middleware/show_exceptions.rb:33:in `call'
railties (6.1.3.1) lib/rails/rack/logger.rb:37:in `call_app'
railties (6.1.3.1) lib/rails/rack/logger.rb:26:in `block in call'
activesupport (6.1.3.1) lib/active_support/tagged_logging.rb:99:in `block in tagged'
activesupport (6.1.3.1) lib/active_support/tagged_logging.rb:37:in `tagged'
activesupport (6.1.3.1) lib/active_support/tagged_logging.rb:99:in `tagged'
railties (6.1.3.1) lib/rails/rack/logger.rb:26:in `call'
sprockets-rails (3.2.2) lib/sprockets/rails/quiet_assets.rb:13:in `call'
actionpack (6.1.3.1) lib/action_dispatch/middleware/remote_ip.rb:81:in `call'
actionpack (6.1.3.1) lib/action_dispatch/middleware/request_id.rb:26:in `call'
rack (2.2.3) lib/rack/method_override.rb:24:in `call'
rack (2.2.3) lib/rack/runtime.rb:22:in `call'
activesupport (6.1.3.1) lib/active_support/cache/strategy/local_cache_middleware.rb:29:in `call'
actionpack (6.1.3.1) lib/action_dispatch/middleware/executor.rb:14:in `call'
actionpack (6.1.3.1) lib/action_dispatch/middleware/static.rb:24:in `call'
rack (2.2.3) lib/rack/sendfile.rb:110:in `call'
actionpack (6.1.3.1) lib/action_dispatch/middleware/host_authorization.rb:98:in `call'
rack-mini-profiler (2.3.1) lib/mini_profiler/profiler.rb:373:in `call'
webpacker (5.2.1) lib/webpacker/dev_server_proxy.rb:25:in `perform_request'
rack-proxy (0.6.5) lib/rack/proxy.rb:57:in `call'
railties (6.1.3.1) lib/rails/engine.rb:539:in `call'
puma (5.2.2) lib/puma/configuration.rb:248:in `call'
puma (5.2.2) lib/puma/request.rb:76:in `block in handle_request'
puma (5.2.2) lib/puma/thread_pool.rb:337:in `with_force_shutdown'
puma (5.2.2) lib/puma/request.rb:75:in `handle_request'
puma (5.2.2) lib/puma/server.rb:431:in `process_client'
puma (5.2.2) lib/puma/thread_pool.rb:145:in `block in spawn_thread'
Started GET "/articles/2/edit" for ::1 at 2021-04-01 01:12:47 -0400
Processing by ArticlesController#edit as HTML
  Parameters: {"id"=>"2"}
  [1m[36mArticle Load (0.1ms)[0m  [1m[34mSELECT "articles".* FROM "articles" WHERE "articles"."id" = ? LIMIT ?[0m  [["id", 2], ["LIMIT", 1]]
  ↳ app/controllers/articles_controller.rb:26:in `edit'
  Rendering layout layouts/application.html.erb
  Rendering articles/edit.html.erb within layouts/application
  Rendered articles/_form.html.erb (Duration: 10.0ms | Allocations: 8195)
  Rendered articles/edit.html.erb within layouts/application (Duration: 10.5ms | Allocations: 8501)
[Webpacker] Everything's up-to-date. Nothing to do
  Rendered layout layouts/application.html.erb (Duration: 16.0ms | Allocations: 12180)
Completed 200 OK in 19ms (Views: 17.2ms | ActiveRecord: 0.1ms | Allocations: 13974)


Started PATCH "/articles/2" for ::1 at 2021-04-01 01:12:56 -0400
Processing by ArticlesController#update as HTML
  Parameters: {"authenticity_token"=>"[FILTERED]", "article"=>{"title"=>"asw34", "body"=>"4XXX"}, "commit"=>"Update Article", "id"=>"2"}
  [1m[36mArticle Load (0.1ms)[0m  [1m[34mSELECT "articles".* FROM "articles" WHERE "articles"."id" = ? LIMIT ?[0m  [["id", 2], ["LIMIT", 1]]
  ↳ app/controllers/articles_controller.rb:30:in `update'
  Rendering layout layouts/application.html.erb
  Rendering articles/edit.html.erb within layouts/application
  Rendered articles/_form.html.erb (Duration: 2.1ms | Allocations: 1729)
  Rendered articles/edit.html.erb within layouts/application (Duration: 2.2ms | Allocations: 1819)
[Webpacker] Everything's up-to-date. Nothing to do
  Rendered layout layouts/application.html.erb (Duration: 5.9ms | Allocations: 5212)
Completed 200 OK in 8ms (Views: 6.2ms | ActiveRecord: 0.1ms | Allocations: 7175)


Started PATCH "/articles/2" for ::1 at 2021-04-01 01:13:00 -0400
Processing by ArticlesController#update as HTML
  Parameters: {"authenticity_token"=>"[FILTERED]", "article"=>{"title"=>"asw34", "body"=>"4XXXXXXXXXXXXXXXXXXXXX"}, "commit"=>"Update Article", "id"=>"2"}
  [1m[36mArticle Load (0.1ms)[0m  [1m[34mSELECT "articles".* FROM "articles" WHERE "articles"."id" = ? LIMIT ?[0m  [["id", 2], ["LIMIT", 1]]
  ↳ app/controllers/articles_controller.rb:30:in `update'
  [1m[36mTRANSACTION (0.1ms)[0m  [1m[36mbegin transaction[0m
  ↳ app/controllers/articles_controller.rb:32:in `update'
  [1m[36mArticle Update (0.2ms)[0m  [1m[33mUPDATE "articles" SET "body" = ?, "updated_at" = ? WHERE "articles"."id" = ?[0m  [["body", "4XXXXXXXXXXXXXXXXXXXXX"], ["updated_at", "2021-04-01 05:13:00.159743"], ["id", 2]]
  ↳ app/controllers/articles_controller.rb:32:in `update'
  [1m[36mTRANSACTION (194.0ms)[0m  [1m[36mcommit transaction[0m
  ↳ app/controllers/articles_controller.rb:32:in `update'
Redirected to http://localhost:3000/articles/2
Completed 302 Found in 203ms (ActiveRecord: 194.4ms | Allocations: 5344)


Started GET "/articles/2" for ::1 at 2021-04-01 01:13:00 -0400
Processing by ArticlesController#show as HTML
  Parameters: {"id"=>"2"}
  [1m[36mArticle Load (0.1ms)[0m  [1m[34mSELECT "articles".* FROM "articles" WHERE "articles"."id" = ? LIMIT ?[0m  [["id", 2], ["LIMIT", 1]]
  ↳ app/controllers/articles_controller.rb:7:in `show'
  Rendering layout layouts/application.html.erb
  Rendering articles/show.html.erb within layouts/application
  Rendered articles/show.html.erb within layouts/application (Duration: 0.4ms | Allocations: 194)
[Webpacker] Everything's up-to-date. Nothing to do
  Rendered layout layouts/application.html.erb (Duration: 3.4ms | Allocations: 3679)
Completed 200 OK in 5ms (Views: 3.8ms | ActiveRecord: 0.1ms | Allocations: 4715)


Started GET "/" for ::1 at 2021-04-01 01:13:05 -0400
Processing by ArticlesController#index as HTML
  Rendering layout layouts/application.html.erb
  Rendering articles/index.html.erb within layouts/application
  [1m[36mArticle Load (0.1ms)[0m  [1m[34mSELECT "articles".* FROM "articles"[0m
  ↳ app/views/articles/index.html.erb:4
  Rendered articles/index.html.erb within layouts/application (Duration: 1.7ms | Allocations: 950)
[Webpacker] Everything's up-to-date. Nothing to do
  Rendered layout layouts/application.html.erb (Duration: 4.8ms | Allocations: 4435)
Completed 200 OK in 6ms (Views: 5.1ms | ActiveRecord: 0.1ms | Allocations: 4958)


Started GET "/articles/2" for ::1 at 2021-04-01 01:13:08 -0400
Processing by ArticlesController#show as HTML
  Parameters: {"id"=>"2"}
  [1m[36mArticle Load (0.1ms)[0m  [1m[34mSELECT "articles".* FROM "articles" WHERE "articles"."id" = ? LIMIT ?[0m  [["id", 2], ["LIMIT", 1]]
  ↳ app/controllers/articles_controller.rb:7:in `show'
  Rendering layout layouts/application.html.erb
  Rendering articles/show.html.erb within layouts/application
  Rendered articles/show.html.erb within layouts/application (Duration: 0.1ms | Allocations: 72)
[Webpacker] Everything's up-to-date. Nothing to do
  Rendered layout layouts/application.html.erb (Duration: 4.8ms | Allocations: 3544)
Completed 200 OK in 7ms (Views: 5.2ms | ActiveRecord: 0.1ms | Allocations: 4458)


Started GET "/articles/2/edit" for ::1 at 2021-04-01 01:13:10 -0400
Processing by ArticlesController#edit as HTML
  Parameters: {"id"=>"2"}
  [1m[36mArticle Load (0.1ms)[0m  [1m[34mSELECT "articles".* FROM "articles" WHERE "articles"."id" = ? LIMIT ?[0m  [["id", 2], ["LIMIT", 1]]
  ↳ app/controllers/articles_controller.rb:26:in `edit'
  Rendering layout layouts/application.html.erb
  Rendering articles/edit.html.erb within layouts/application
  Rendered articles/_form.html.erb (Duration: 1.0ms | Allocations: 715)
  Rendered articles/edit.html.erb within layouts/application (Duration: 1.1ms | Allocations: 805)
[Webpacker] Everything's up-to-date. Nothing to do
  Rendered layout layouts/application.html.erb (Duration: 4.3ms | Allocations: 4277)
Completed 200 OK in 6ms (Views: 4.6ms | ActiveRecord: 0.1ms | Allocations: 5190)


Started PATCH "/articles/2" for ::1 at 2021-04-01 01:13:14 -0400
Processing by ArticlesController#update as HTML
  Parameters: {"authenticity_token"=>"[FILTERED]", "article"=>{"title"=>"asw", "body"=>"4XXXXXXXXXXXXXXXXXXXXX"}, "commit"=>"Update Article", "id"=>"2"}
  [1m[36mArticle Load (0.1ms)[0m  [1m[34mSELECT "articles".* FROM "articles" WHERE "articles"."id" = ? LIMIT ?[0m  [["id", 2], ["LIMIT", 1]]
  ↳ app/controllers/articles_controller.rb:30:in `update'
  [1m[36mTRANSACTION (0.0ms)[0m  [1m[36mbegin transaction[0m
  ↳ app/controllers/articles_controller.rb:32:in `update'
  [1m[36mArticle Update (0.2ms)[0m  [1m[33mUPDATE "articles" SET "title" = ?, "updated_at" = ? WHERE "articles"."id" = ?[0m  [["title", "asw"], ["updated_at", "2021-04-01 05:13:14.471556"], ["id", 2]]
  ↳ app/controllers/articles_controller.rb:32:in `update'
  [1m[36mTRANSACTION (334.2ms)[0m  [1m[36mcommit transaction[0m
  ↳ app/controllers/articles_controller.rb:32:in `update'
Redirected to http://localhost:3000/articles/2
Completed 302 Found in 340ms (ActiveRecord: 334.6ms | Allocations: 5468)


Started GET "/articles/2" for ::1 at 2021-04-01 01:13:14 -0400
Processing by ArticlesController#show as HTML
  Parameters: {"id"=>"2"}
  [1m[36mArticle Load (0.1ms)[0m  [1m[34mSELECT "articles".* FROM "articles" WHERE "articles"."id" = ? LIMIT ?[0m  [["id", 2], ["LIMIT", 1]]
  ↳ app/controllers/articles_controller.rb:7:in `show'
  Rendering layout layouts/application.html.erb
  Rendering articles/show.html.erb within layouts/application
  Rendered articles/show.html.erb within layouts/application (Duration: 0.2ms | Allocations: 71)
[Webpacker] Everything's up-to-date. Nothing to do
  Rendered layout layouts/application.html.erb (Duration: 3.3ms | Allocations: 3543)
Completed 200 OK in 5ms (Views: 3.6ms | ActiveRecord: 0.1ms | Allocations: 4452)


Started GET "/" for ::1 at 2021-04-01 01:13:18 -0400
Processing by ArticlesController#index as HTML
  Rendering layout layouts/application.html.erb
  Rendering articles/index.html.erb within layouts/application
  [1m[36mArticle Load (0.1ms)[0m  [1m[34mSELECT "articles".* FROM "articles"[0m
  ↳ app/views/articles/index.html.erb:4
  Rendered articles/index.html.erb within layouts/application (Duration: 1.5ms | Allocations: 771)
[Webpacker] Everything's up-to-date. Nothing to do
  Rendered layout layouts/application.html.erb (Duration: 4.8ms | Allocations: 4245)
Completed 200 OK in 6ms (Views: 5.0ms | ActiveRecord: 0.1ms | Allocations: 4643)


Started GET "/" for ::1 at 2021-04-01 01:15:24 -0400
Processing by ArticlesController#index as HTML
  Rendering layout layouts/application.html.erb
  Rendering articles/index.html.erb within layouts/application
  [1m[35m (0.1ms)[0m  [1m[34mSELECT sqlite_version(*)[0m
  ↳ app/views/articles/index.html.erb:4
  [1m[36mArticle Load (0.1ms)[0m  [1m[34mSELECT "articles".* FROM "articles"[0m
  ↳ app/views/articles/index.html.erb:4
  Rendered articles/index.html.erb within layouts/application (Duration: 7.7ms | Allocations: 4147)
[Webpacker] Everything's up-to-date. Nothing to do
  Rendered layout layouts/application.html.erb (Duration: 12.7ms | Allocations: 7771)
Completed 200 OK in 15ms (Views: 13.7ms | ActiveRecord: 0.7ms | Allocations: 9301)


Started GET "/articles/2" for ::1 at 2021-04-01 01:15:25 -0400
Processing by ArticlesController#show as HTML
  Parameters: {"id"=>"2"}
  [1m[36mArticle Load (0.1ms)[0m  [1m[34mSELECT "articles".* FROM "articles" WHERE "articles"."id" = ? LIMIT ?[0m  [["id", 2], ["LIMIT", 1]]
  ↳ app/controllers/articles_controller.rb:7:in `show'
  Rendering layout layouts/application.html.erb
  Rendering articles/show.html.erb within layouts/application
  Rendered articles/show.html.erb within layouts/application (Duration: 0.5ms | Allocations: 250)
[Webpacker] Everything's up-to-date. Nothing to do
  Rendered layout layouts/application.html.erb (Duration: 4.6ms | Allocations: 3725)
Completed 200 OK in 9ms (Views: 6.9ms | ActiveRecord: 0.1ms | Allocations: 5496)


Started DELETE "/articles/2" for ::1 at 2021-04-01 01:15:28 -0400
Processing by ArticlesController#destroy as HTML
  Parameters: {"authenticity_token"=>"[FILTERED]", "id"=>"2"}
  [1m[36mArticle Load (2.8ms)[0m  [1m[34mSELECT "articles".* FROM "articles" WHERE "articles"."id" = ? LIMIT ?[0m  [["id", 2], ["LIMIT", 1]]
  ↳ app/controllers/articles_controller.rb:40:in `destroy'
  [1m[36mTRANSACTION (0.0ms)[0m  [1m[36mbegin transaction[0m
  ↳ app/controllers/articles_controller.rb:41:in `destroy'
  [1m[36mArticle Destroy (0.2ms)[0m  [1m[31mDELETE FROM "articles" WHERE "articles"."id" = ?[0m  [["id", 2]]
  ↳ app/controllers/articles_controller.rb:41:in `destroy'
  [1m[36mTRANSACTION (225.9ms)[0m  [1m[36mcommit transaction[0m
  ↳ app/controllers/articles_controller.rb:41:in `destroy'
Redirected to http://localhost:3000/
Completed 302 Found in 234ms (ActiveRecord: 229.0ms | Allocations: 5011)


Started GET "/" for ::1 at 2021-04-01 01:15:29 -0400
Processing by ArticlesController#index as HTML
  Rendering layout layouts/application.html.erb
  Rendering articles/index.html.erb within layouts/application
  [1m[36mArticle Load (0.1ms)[0m  [1m[34mSELECT "articles".* FROM "articles"[0m
  ↳ app/views/articles/index.html.erb:4
  Rendered articles/index.html.erb within layouts/application (Duration: 1.2ms | Allocations: 728)
[Webpacker] Everything's up-to-date. Nothing to do
  Rendered layout layouts/application.html.erb (Duration: 4.1ms | Allocations: 4210)
Completed 200 OK in 5ms (Views: 4.4ms | ActiveRecord: 0.1ms | Allocations: 4599)


Started GET "/articles/new" for ::1 at 2021-04-01 01:15:30 -0400
Processing by ArticlesController#new as HTML
  Rendering layout layouts/application.html.erb
  Rendering articles/new.html.erb within layouts/application
  Rendered articles/_form.html.erb (Duration: 1.3ms | Allocations: 1000)
  Rendered articles/new.html.erb within layouts/application (Duration: 1.8ms | Allocations: 1315)
[Webpacker] Everything's up-to-date. Nothing to do
  Rendered layout layouts/application.html.erb (Duration: 8.3ms | Allocations: 5403)
Completed 200 OK in 9ms (Views: 8.7ms | ActiveRecord: 0.0ms | Allocations: 5929)


Started POST "/articles" for ::1 at 2021-04-01 01:15:41 -0400
Processing by ArticlesController#create as HTML
  Parameters: {"authenticity_token"=>"[FILTERED]", "article"=>{"title"=>"1", "body"=>"sagq ewrbtwb3e4twvggsdfg"}, "commit"=>"Create Article"}
  [1m[36mTRANSACTION (0.1ms)[0m  [1m[36mbegin transaction[0m
  ↳ app/controllers/articles_controller.rb:17:in `create'
  [1m[36mArticle Create (0.2ms)[0m  [1m[32mINSERT INTO "articles" ("title", "body", "created_at", "updated_at") VALUES (?, ?, ?, ?)[0m  [["title", "1"], ["body", "sagq ewrbtwb3e4twvggsdfg"], ["created_at", "2021-04-01 05:15:41.025319"], ["updated_at", "2021-04-01 05:15:41.025319"]]
  ↳ app/controllers/articles_controller.rb:17:in `create'
  [1m[36mTRANSACTION (324.1ms)[0m  [1m[36mcommit transaction[0m
  ↳ app/controllers/articles_controller.rb:17:in `create'
Redirected to http://localhost:3000/articles/3
Completed 302 Found in 329ms (ActiveRecord: 324.4ms | Allocations: 4981)


Started GET "/articles/3" for ::1 at 2021-04-01 01:15:41 -0400
Processing by ArticlesController#show as HTML
  Parameters: {"id"=>"3"}
  [1m[36mArticle Load (0.1ms)[0m  [1m[34mSELECT "articles".* FROM "articles" WHERE "articles"."id" = ? LIMIT ?[0m  [["id", 3], ["LIMIT", 1]]
  ↳ app/controllers/articles_controller.rb:7:in `show'
  Rendering layout layouts/application.html.erb
  Rendering articles/show.html.erb within layouts/application
  Rendered articles/show.html.erb within layouts/application (Duration: 0.2ms | Allocations: 110)
[Webpacker] Everything's up-to-date. Nothing to do
  Rendered layout layouts/application.html.erb (Duration: 5.9ms | Allocations: 3582)
Completed 200 OK in 8ms (Views: 6.3ms | ActiveRecord: 0.1ms | Allocations: 4493)


Started GET "/" for ::1 at 2021-04-01 01:15:46 -0400
Processing by ArticlesController#index as HTML
  Rendering layout layouts/application.html.erb
  Rendering articles/index.html.erb within layouts/application
  [1m[36mArticle Load (0.1ms)[0m  [1m[34mSELECT "articles".* FROM "articles"[0m
  ↳ app/views/articles/index.html.erb:4
  Rendered articles/index.html.erb within layouts/application (Duration: 1.4ms | Allocations: 765)
[Webpacker] Everything's up-to-date. Nothing to do
  Rendered layout layouts/application.html.erb (Duration: 4.6ms | Allocations: 4237)
Completed 200 OK in 5ms (Views: 4.9ms | ActiveRecord: 0.1ms | Allocations: 4625)


  [1m[35m (0.3ms)[0m  [1m[34mSELECT sqlite_version(*)[0m
  [1m[35m (0.1ms)[0m  [1m[34mSELECT "schema_migrations"."version" FROM "schema_migrations" ORDER BY "schema_migrations"."version" ASC[0m
Migrating to CreateComments (20210401051617)
  [1m[36mTRANSACTION (0.1ms)[0m  [1m[36mbegin transaction[0m
  [1m[35m (0.2ms)[0m  [1m[35mCREATE TABLE "comments" ("id" integer PRIMARY KEY AUTOINCREMENT NOT NULL, "commenter" varchar, "body" text, "article_id" integer NOT NULL, "created_at" datetime(6) NOT NULL, "updated_at" datetime(6) NOT NULL, CONSTRAINT "fk_rails_3bf61a60d3"
FOREIGN KEY ("article_id")
  REFERENCES "articles" ("id")
)[0m
  [1m[35m (0.1ms)[0m  [1m[35mCREATE INDEX "index_comments_on_article_id" ON "comments" ("article_id")[0m
  [1m[36mActiveRecord::SchemaMigration Create (0.1ms)[0m  [1m[32mINSERT INTO "schema_migrations" ("version") VALUES (?)[0m  [["version", "20210401051617"]]
  [1m[36mTRANSACTION (651.1ms)[0m  [1m[36mcommit transaction[0m
  [1m[36mActiveRecord::InternalMetadata Load (0.1ms)[0m  [1m[34mSELECT "ar_internal_metadata".* FROM "ar_internal_metadata" WHERE "ar_internal_metadata"."key" = ? LIMIT ?[0m  [["key", "environment"], ["LIMIT", 1]]
  [1m[35m (0.0ms)[0m  [1m[34mSELECT sqlite_version(*)[0m
  [1m[35m (0.1ms)[0m  [1m[34mSELECT "schema_migrations"."version" FROM "schema_migrations" ORDER BY "schema_migrations"."version" ASC[0m
Started GET "/" for ::1 at 2021-04-01 01:33:00 -0400
  [1m[35m (0.3ms)[0m  [1m[34mSELECT sqlite_version(*)[0m
  [1m[35m (0.1ms)[0m  [1m[34mSELECT "schema_migrations"."version" FROM "schema_migrations" ORDER BY "schema_migrations"."version" ASC[0m
Processing by ArticlesController#index as HTML
  Rendering layout layouts/application.html.erb
  Rendering articles/index.html.erb within layouts/application
  [1m[36mArticle Load (0.1ms)[0m  [1m[34mSELECT "articles".* FROM "articles"[0m
  ↳ app/views/articles/index.html.erb:4
  Rendered articles/index.html.erb within layouts/application (Duration: 6.0ms | Allocations: 3684)
[Webpacker] Everything's up-to-date. Nothing to do
  Rendered layout layouts/application.html.erb (Duration: 43.5ms | Allocations: 20635)
Completed 200 OK in 58ms (Views: 44.6ms | ActiveRecord: 0.4ms | Allocations: 24976)


Started GET "/articles/3" for ::1 at 2021-04-01 01:33:02 -0400
Processing by ArticlesController#show as HTML
  Parameters: {"id"=>"3"}
  [1m[36mArticle Load (0.1ms)[0m  [1m[34mSELECT "articles".* FROM "articles" WHERE "articles"."id" = ? LIMIT ?[0m  [["id", 3], ["LIMIT", 1]]
  ↳ app/controllers/articles_controller.rb:7:in `show'
  Rendering layout layouts/application.html.erb
  Rendering articles/show.html.erb within layouts/application
  [1m[36mComment Load (0.1ms)[0m  [1m[34mSELECT "comments".* FROM "comments" WHERE "comments"."article_id" = ?[0m  [["article_id", 3]]
  ↳ app/views/articles/show.html.erb:12
  Rendered articles/show.html.erb within layouts/application (Duration: 27.5ms | Allocations: 15064)
[Webpacker] Everything's up-to-date. Nothing to do
  Rendered layout layouts/application.html.erb (Duration: 30.7ms | Allocations: 18504)
Completed 200 OK in 33ms (Views: 30.6ms | ActiveRecord: 0.6ms | Allocations: 19968)


Started POST "/articles/3/comments" for ::1 at 2021-04-01 01:33:09 -0400
Processing by CommentsController#create as HTML
  Parameters: {"authenticity_token"=>"[FILTERED]", "comment"=>{"commenter"=>"bob", "body"=>"testlaj"}, "commit"=>"Create Comment", "article_id"=>"3"}
  [1m[36mArticle Load (0.1ms)[0m  [1m[34mSELECT "articles".* FROM "articles" WHERE "articles"."id" = ? LIMIT ?[0m  [["id", 3], ["LIMIT", 1]]
  ↳ app/controllers/comments_controller.rb:4:in `create'
  [1m[36mTRANSACTION (0.0ms)[0m  [1m[36mbegin transaction[0m
  ↳ app/controllers/comments_controller.rb:5:in `create'
  [1m[36mComment Create (3.8ms)[0m  [1m[32mINSERT INTO "comments" ("commenter", "body", "article_id", "created_at", "updated_at") VALUES (?, ?, ?, ?, ?)[0m  [["commenter", "bob"], ["body", "testlaj"], ["article_id", 3], ["created_at", "2021-04-01 05:33:09.918612"], ["updated_at", "2021-04-01 05:33:09.918612"]]
  ↳ app/controllers/comments_controller.rb:5:in `create'
  [1m[36mTRANSACTION (436.1ms)[0m  [1m[36mcommit transaction[0m
  ↳ app/controllers/comments_controller.rb:5:in `create'
Redirected to http://localhost:3000/articles/3
Completed 302 Found in 448ms (ActiveRecord: 440.0ms | Allocations: 6022)


Started GET "/articles/3" for ::1 at 2021-04-01 01:33:10 -0400
Processing by ArticlesController#show as HTML
  Parameters: {"id"=>"3"}
  [1m[36mArticle Load (0.1ms)[0m  [1m[34mSELECT "articles".* FROM "articles" WHERE "articles"."id" = ? LIMIT ?[0m  [["id", 3], ["LIMIT", 1]]
  ↳ app/controllers/articles_controller.rb:7:in `show'
  Rendering layout layouts/application.html.erb
  Rendering articles/show.html.erb within layouts/application
  [1m[36mComment Load (0.1ms)[0m  [1m[34mSELECT "comments".* FROM "comments" WHERE "comments"."article_id" = ?[0m  [["article_id", 3]]
  ↳ app/views/articles/show.html.erb:12
  Rendered articles/show.html.erb within layouts/application (Duration: 3.4ms | Allocations: 1618)
[Webpacker] Everything's up-to-date. Nothing to do
  Rendered layout layouts/application.html.erb (Duration: 6.4ms | Allocations: 5149)
Completed 200 OK in 8ms (Views: 6.7ms | ActiveRecord: 0.2ms | Allocations: 6060)


Started POST "/articles/3/comments" for ::1 at 2021-04-01 01:33:21 -0400
Processing by CommentsController#create as HTML
  Parameters: {"authenticity_token"=>"[FILTERED]", "comment"=>{"commenter"=>"albert", "body"=>"farnsworth"}, "commit"=>"Create Comment", "article_id"=>"3"}
  [1m[36mArticle Load (0.1ms)[0m  [1m[34mSELECT "articles".* FROM "articles" WHERE "articles"."id" = ? LIMIT ?[0m  [["id", 3], ["LIMIT", 1]]
  ↳ app/controllers/comments_controller.rb:4:in `create'
  [1m[36mTRANSACTION (0.0ms)[0m  [1m[36mbegin transaction[0m
  ↳ app/controllers/comments_controller.rb:5:in `create'
  [1m[36mComment Create (2.1ms)[0m  [1m[32mINSERT INTO "comments" ("commenter", "body", "article_id", "created_at", "updated_at") VALUES (?, ?, ?, ?, ?)[0m  [["commenter", "albert"], ["body", "farnsworth"], ["article_id", 3], ["created_at", "2021-04-01 05:33:21.248954"], ["updated_at", "2021-04-01 05:33:21.248954"]]
  ↳ app/controllers/comments_controller.rb:5:in `create'
  [1m[36mTRANSACTION (221.3ms)[0m  [1m[36mcommit transaction[0m
  ↳ app/controllers/comments_controller.rb:5:in `create'
Redirected to http://localhost:3000/articles/3
Completed 302 Found in 230ms (ActiveRecord: 223.5ms | Allocations: 5737)


Started GET "/articles/3" for ::1 at 2021-04-01 01:33:21 -0400
Processing by ArticlesController#show as HTML
  Parameters: {"id"=>"3"}
  [1m[36mArticle Load (0.1ms)[0m  [1m[34mSELECT "articles".* FROM "articles" WHERE "articles"."id" = ? LIMIT ?[0m  [["id", 3], ["LIMIT", 1]]
  ↳ app/controllers/articles_controller.rb:7:in `show'
  Rendering layout layouts/application.html.erb
  Rendering articles/show.html.erb within layouts/application
  [1m[36mComment Load (0.1ms)[0m  [1m[34mSELECT "comments".* FROM "comments" WHERE "comments"."article_id" = ?[0m  [["article_id", 3]]
  ↳ app/views/articles/show.html.erb:12
  Rendered articles/show.html.erb within layouts/application (Duration: 2.6ms | Allocations: 1627)
[Webpacker] Everything's up-to-date. Nothing to do
  Rendered layout layouts/application.html.erb (Duration: 7.0ms | Allocations: 5156)
Completed 200 OK in 9ms (Views: 7.3ms | ActiveRecord: 0.2ms | Allocations: 6065)


Started GET "/articles/3/edit" for ::1 at 2021-04-01 01:33:27 -0400
Processing by ArticlesController#edit as HTML
  Parameters: {"id"=>"3"}
  [1m[36mArticle Load (0.1ms)[0m  [1m[34mSELECT "articles".* FROM "articles" WHERE "articles"."id" = ? LIMIT ?[0m  [["id", 3], ["LIMIT", 1]]
  ↳ app/controllers/articles_controller.rb:26:in `edit'
  Rendering layout layouts/application.html.erb
  Rendering articles/edit.html.erb within layouts/application
  Rendered articles/_form.html.erb (Duration: 1.3ms | Allocations: 1097)
  Rendered articles/edit.html.erb within layouts/application (Duration: 2.3ms | Allocations: 1497)
[Webpacker] Everything's up-to-date. Nothing to do
  Rendered layout layouts/application.html.erb (Duration: 5.4ms | Allocations: 5042)
Completed 200 OK in 8ms (Views: 5.9ms | ActiveRecord: 0.1ms | Allocations: 6569)


Started PATCH "/articles/3" for ::1 at 2021-04-01 01:33:36 -0400
Processing by ArticlesController#update as HTML
  Parameters: {"authenticity_token"=>"[FILTERED]", "article"=>{"title"=>"1", "body"=>"111111111111111111111111111111111111111"}, "commit"=>"Update Article", "id"=>"3"}
  [1m[36mArticle Load (0.1ms)[0m  [1m[34mSELECT "articles".* FROM "articles" WHERE "articles"."id" = ? LIMIT ?[0m  [["id", 3], ["LIMIT", 1]]
  ↳ app/controllers/articles_controller.rb:30:in `update'
  [1m[36mTRANSACTION (0.0ms)[0m  [1m[36mbegin transaction[0m
  ↳ app/controllers/articles_controller.rb:32:in `update'
  [1m[36mArticle Update (1.1ms)[0m  [1m[33mUPDATE "articles" SET "body" = ?, "updated_at" = ? WHERE "articles"."id" = ?[0m  [["body", "111111111111111111111111111111111111111"], ["updated_at", "2021-04-01 05:33:36.856617"], ["id", 3]]
  ↳ app/controllers/articles_controller.rb:32:in `update'
  [1m[36mTRANSACTION (254.2ms)[0m  [1m[36mcommit transaction[0m
  ↳ app/controllers/articles_controller.rb:32:in `update'
Redirected to http://localhost:3000/articles/3
Completed 302 Found in 261ms (ActiveRecord: 255.5ms | Allocations: 5733)


Started GET "/articles/3" for ::1 at 2021-04-01 01:33:37 -0400
Processing by ArticlesController#show as HTML
  Parameters: {"id"=>"3"}
  [1m[36mArticle Load (0.1ms)[0m  [1m[34mSELECT "articles".* FROM "articles" WHERE "articles"."id" = ? LIMIT ?[0m  [["id", 3], ["LIMIT", 1]]
  ↳ app/controllers/articles_controller.rb:7:in `show'
  Rendering layout layouts/application.html.erb
  Rendering articles/show.html.erb within layouts/application
  [1m[36mComment Load (0.1ms)[0m  [1m[34mSELECT "comments".* FROM "comments" WHERE "comments"."article_id" = ?[0m  [["article_id", 3]]
  ↳ app/views/articles/show.html.erb:12
  Rendered articles/show.html.erb within layouts/application (Duration: 2.5ms | Allocations: 1633)
[Webpacker] Everything's up-to-date. Nothing to do
  Rendered layout layouts/application.html.erb (Duration: 5.4ms | Allocations: 5168)
Completed 200 OK in 8ms (Views: 6.8ms | ActiveRecord: 0.2ms | Allocations: 6079)


Started GET "/" for ::1 at 2021-04-01 01:33:42 -0400
Processing by ArticlesController#index as HTML
  Rendering layout layouts/application.html.erb
  Rendering articles/index.html.erb within layouts/application
  [1m[36mArticle Load (0.1ms)[0m  [1m[34mSELECT "articles".* FROM "articles"[0m
  ↳ app/views/articles/index.html.erb:4
  Rendered articles/index.html.erb within layouts/application (Duration: 1.4ms | Allocations: 765)
[Webpacker] Everything's up-to-date. Nothing to do
  Rendered layout layouts/application.html.erb (Duration: 4.8ms | Allocations: 4295)
Completed 200 OK in 6ms (Views: 5.2ms | ActiveRecord: 0.1ms | Allocations: 4683)


Started GET "/articles/3" for ::1 at 2021-04-01 01:33:50 -0400
Processing by ArticlesController#show as HTML
  Parameters: {"id"=>"3"}
  [1m[36mArticle Load (0.1ms)[0m  [1m[34mSELECT "articles".* FROM "articles" WHERE "articles"."id" = ? LIMIT ?[0m  [["id", 3], ["LIMIT", 1]]
  ↳ app/controllers/articles_controller.rb:7:in `show'
  Rendering layout layouts/application.html.erb
  Rendering articles/show.html.erb within layouts/application
  [1m[36mComment Load (0.1ms)[0m  [1m[34mSELECT "comments".* FROM "comments" WHERE "comments"."article_id" = ?[0m  [["article_id", 3]]
  ↳ app/views/articles/show.html.erb:12
  Rendered articles/show.html.erb within layouts/application (Duration: 2.3ms | Allocations: 1627)
[Webpacker] Everything's up-to-date. Nothing to do
  Rendered layout layouts/application.html.erb (Duration: 5.7ms | Allocations: 5156)
Completed 200 OK in 7ms (Views: 5.9ms | ActiveRecord: 0.1ms | Allocations: 6068)


